<?xml version="1.0" encoding="UTF-8"?>
<!-- Generated by org.testng.reporters.JUnitReportReporter -->
<testsuite hostname="Suman" failures="0" tests="3" name="com.blazed.qa.testcases.FlightSelectionPageTest" time="64.341" errors="0" timestamp="2024-04-06T16:02:07 IST" skipped="0">
  <testcase classname="com.blazed.qa.testcases.FlightSelectionPageTest" name="verifyFlightPageUrl" time="21.208"/>
  <system-out/>
  <testcase classname="com.blazed.qa.testcases.FlightSelectionPageTest" name="verifyFlightPageTitle" time="21.565"/>
  <system-out/>
  <testcase classname="com.blazed.qa.testcases.FlightSelectionPageTest" name="verifyPurchaseTicketPage" time="21.568"/>
  <system-out/>
</testsuite> <!-- com.blazed.qa.testcases.FlightSelectionPageTest -->
