<?xml version="1.0" encoding="UTF-8"?>
<!-- Generated by org.testng.reporters.JUnitReportReporter -->
<testsuite hostname="Suman" failures="0" tests="10" name="com.blazed.qa.testcases.PurchaseTicketPageTest" time="446.993" errors="0" timestamp="2024-04-06T15:59:52 IST" skipped="0">
  <testcase classname="com.blazed.qa.testcases.PurchaseTicketPageTest" name="RegisterUser" time="43.691"/>
  <system-out/>
  <testcase classname="com.blazed.qa.testcases.PurchaseTicketPageTest" name="RegisterUser" time="42.699"/>
  <system-out/>
  <testcase classname="com.blazed.qa.testcases.PurchaseTicketPageTest" name="RegisterUser" time="46.038"/>
  <system-out/>
  <testcase classname="com.blazed.qa.testcases.PurchaseTicketPageTest" name="RegisterUser" time="43.462"/>
  <system-out/>
  <testcase classname="com.blazed.qa.testcases.PurchaseTicketPageTest" name="RegisterUser" time="49.934"/>
  <system-out/>
  <testcase classname="com.blazed.qa.testcases.PurchaseTicketPageTest" name="RegisterUser" time="45.694"/>
  <system-out/>
  <testcase classname="com.blazed.qa.testcases.PurchaseTicketPageTest" name="RegisterUser" time="42.586"/>
  <system-out/>
  <testcase classname="com.blazed.qa.testcases.PurchaseTicketPageTest" name="RegisterUser" time="44.544"/>
  <system-out/>
  <testcase classname="com.blazed.qa.testcases.PurchaseTicketPageTest" name="RegisterUser" time="44.366"/>
  <system-out/>
  <testcase classname="com.blazed.qa.testcases.PurchaseTicketPageTest" name="RegisterUser" time="43.979"/>
  <system-out/>
</testsuite> <!-- com.blazed.qa.testcases.PurchaseTicketPageTest -->
