<?xml version="1.0" encoding="UTF-8"?>
<!-- Generated by org.testng.reporters.JUnitReportReporter -->
<testsuite hostname="Suman" failures="0" tests="3" name="com.blazed.qa.testcases.DestinationPageTest" time="36.620" errors="0" timestamp="2024-04-06T16:00:48 IST" skipped="0">
  <testcase classname="com.blazed.qa.testcases.DestinationPageTest" name="CheckPageTitle" time="8.862"/>
  <system-out/>
  <testcase classname="com.blazed.qa.testcases.DestinationPageTest" name="CheckPageUrl" time="6.370"/>
  <system-out/>
  <testcase classname="com.blazed.qa.testcases.DestinationPageTest" name="CheckFlight" time="21.388"/>
  <system-out/>
</testsuite> <!-- com.blazed.qa.testcases.DestinationPageTest -->
